<?xml version="1.0" encoding="UTF-8"?>
<Site BuildName="(empty)"
	BuildStamp="20231008-1523-Experimental"
	Name="(empty)"
	Generator="ctest-3.16.3"
	CompilerName=""
	CompilerVersion=""
	OSName="Linux"
	Hostname="PouLou"
	OSRelease="5.15.0-84-generic"
	OSVersion="#93~20.04.1-Ubuntu SMP Wed Sep 6 16:15:40 UTC 2023"
	OSPlatform="x86_64"
	Is64Bits="1"
	VendorString="AuthenticAMD"
	VendorID="Advanced Micro Devices"
	FamilyID="23"
	ModelID="104"
	ProcessorCacheSize="512"
	NumberOfLogicalCPU="6"
	NumberOfPhysicalCPU="6"
	TotalVirtualMemory="923"
	TotalPhysicalMemory="7937"
	LogicalProcessorsPerPhysical="1"
	ProcessorClockFrequency="2096.07"
	>
	<Testing>
		<StartDateTime>Oct 08 18:23 MSK</StartDateTime>
		<StartTestTime>1696778599</StartTestTime>
		<TestList/>
		<EndDateTime>Oct 08 18:23 MSK</EndDateTime>
		<EndTestTime>1696778599</EndTestTime>
		<ElapsedMinutes>0</ElapsedMinutes>
	</Testing>
</Site>
